This is XeTeX, Version 3.14159265-2.6-0.99992 (TeX Live 2015) (preloaded format=xelatex 2015.7.20)  15 JUL 2016 13:11
entering extended mode
 restricted \write18 enabled.
 %&-line parsing enabled.
**thesis.tex
(./thesis.tex
LaTeX2e <2015/01/01> patch level 2
Babel <3.9l> and hyphenation patterns for 79 languages loaded.
(./iitthesis.cls
Document Class `IIT_THESIS' <May 2003>.
Document Class: iitthesis 2003/05/30,Illinois Institute of Technology Thesis Cl
ass
(./font12.clo)
\c@chapter=\count79
\c@section=\count80
\c@subsection=\count81
\c@subsubsection=\count82
\c@appendix=\count83
\c@figure=\count84
\c@table=\count85
\captionindent=\skip41
)
(/usr/local/texlive/2015/texmf-dist/tex/latex/graphics/graphicx.sty
Package: graphicx 2014/10/28 v1.0g Enhanced LaTeX Graphics (DPC,SPQR)

(/usr/local/texlive/2015/texmf-dist/tex/latex/graphics/keyval.sty
Package: keyval 2014/10/28 v1.15 key=value parser (DPC)
\KV@toks@=\toks14
)
(/usr/local/texlive/2015/texmf-dist/tex/latex/graphics/graphics.sty
Package: graphics 2014/10/28 v1.0p Standard LaTeX Graphics (DPC,SPQR)

(/usr/local/texlive/2015/texmf-dist/tex/latex/graphics/trig.sty
Package: trig 1999/03/16 v1.09 sin cos tan (DPC)
)
(/usr/local/texlive/2015/texmf-dist/tex/latex/latexconfig/graphics.cfg
File: graphics.cfg 2010/04/23 v1.9 graphics configuration of TeX Live
)
Package graphics Info: Driver file: dvips.def on input line 94.

(/usr/local/texlive/2015/texmf-dist/tex/latex/graphics/dvips.def
File: dvips.def 2014/10/14 v3.0j Driver-dependent file (DPC,SPQR)
))
\Gin@req@height=\dimen102
\Gin@req@width=\dimen103
)
(/usr/local/texlive/2015/texmf-dist/tex/latex/caption/caption.sty
Package: caption 2013/05/02 v3.3-89 Customizing captions (AR)

(/usr/local/texlive/2015/texmf-dist/tex/latex/caption/caption3.sty
Package: caption3 2013/05/02 v1.6-88 caption3 kernel (AR)
Package caption3 Info: TeX engine: e-TeX on input line 57.
\captionmargin=\dimen104
\captionmargin@=\dimen105
\captionwidth=\dimen106
\caption@tempdima=\dimen107
\caption@indent=\dimen108
\caption@parindent=\dimen109
\caption@hangindent=\dimen110
\abovecaptionskip=\skip42
\belowcaptionskip=\skip43
Package caption Info: Unknown document class (or package),
(caption)             standard defaults will be used.
)

Package caption Warning: Unsupported document class (or package) detected,
(caption)                usage of the caption package is not recommended.
See the caption package documentation for explanation.

Package caption Info: \@makecaption = \long macro:#1#2->\vskip 10pt \setbox \@t
empboxa \hbox {#1. #2}\ifdim \wd \@tempboxa >\hsize \ssp \hangindent \captionin
dent \noindent #1. #2\par \vspace {5pt} \else \hbox to\hsize {\hfil \box \@temp
boxa \hfil }\vspace {5pt} \fi .
\c@ContinuedFloat=\count86
) (/usr/local/texlive/2015/texmf-dist/tex/latex/rotating/rotating.sty
Package: rotating 2009/03/28 v2.16a rotated objects in LaTeX

(/usr/local/texlive/2015/texmf-dist/tex/latex/base/ifthen.sty
Package: ifthen 2014/09/29 v1.1c Standard LaTeX ifthen package (DPC)
)
\c@r@tfl@t=\count87
\rotFPtop=\skip44
\rotFPbot=\skip45
\rot@float@box=\box26
\rot@mess@toks=\toks15
)
(/usr/local/texlive/2015/texmf-dist/tex/latex/float/float.sty
Package: float 2001/11/08 v1.3d Float enhancements (AL)
\c@float@type=\count88
\float@exts=\toks16
\float@box=\box27
\@float@everytoks=\toks17
\@floatcapt=\box28
)
(/usr/local/texlive/2015/texmf-dist/tex/latex/colortbl/colortbl.sty
Package: colortbl 2012/02/13 v1.0a Color table columns (DPC)

(/usr/local/texlive/2015/texmf-dist/tex/latex/tools/array.sty
Package: array 2014/10/28 v2.4c Tabular extension package (FMi)
\col@sep=\dimen111
\extrarowheight=\dimen112
\NC@list=\toks18
\extratabsurround=\skip46
\backup@length=\skip47
)
(/usr/local/texlive/2015/texmf-dist/tex/latex/graphics/color.sty
Package: color 2014/10/28 v1.1a Standard LaTeX Color (DPC)

(/usr/local/texlive/2015/texmf-dist/tex/latex/latexconfig/color.cfg
File: color.cfg 2007/01/18 v1.5 color configuration of teTeX/TeXLive
)
Package color Info: Driver file: xetex.def on input line 142.

(/usr/local/texlive/2015/texmf-dist/tex/xelatex/xetex-def/xetex.def
File: xetex.def 2015/03/25 v4.04 LaTeX color/graphics driver for XeTeX (TeX Liv
e/RRM/JK)
))
\everycr=\toks19
\minrowclearance=\skip48
)
(/usr/local/texlive/2015/texmf-dist/tex/latex/booktabs/booktabs.sty
Package: booktabs 2005/04/14 v1.61803 publication quality tables
\heavyrulewidth=\dimen113
\lightrulewidth=\dimen114
\cmidrulewidth=\dimen115
\belowrulesep=\dimen116
\belowbottomsep=\dimen117
\aboverulesep=\dimen118
\abovetopsep=\dimen119
\cmidrulesep=\dimen120
\cmidrulekern=\dimen121
\defaultaddspace=\dimen122
\@cmidla=\count89
\@cmidlb=\count90
\@aboverulesep=\dimen123
\@belowrulesep=\dimen124
\@thisruleclass=\count91
\@lastruleclass=\count92
\@thisrulewidth=\dimen125
)
(/usr/local/texlive/2015/texmf-dist/tex/latex/jknapltx/mathrsfs.sty
Package: mathrsfs 1996/01/01 Math RSFS package v1.0 (jk)
\symrsfs=\mathgroup4
)
(/usr/local/texlive/2015/texmf-dist/tex/latex/amsmath/amsmath.sty
Package: amsmath 2013/01/14 v2.14 AMS math features
\@mathmargin=\skip49

For additional information on amsmath, use the `?' option.
(/usr/local/texlive/2015/texmf-dist/tex/latex/amsmath/amstext.sty
Package: amstext 2000/06/29 v2.01

(/usr/local/texlive/2015/texmf-dist/tex/latex/amsmath/amsgen.sty
File: amsgen.sty 1999/11/30 v2.0
\@emptytoks=\toks20
\ex@=\dimen126
))
(/usr/local/texlive/2015/texmf-dist/tex/latex/amsmath/amsbsy.sty
Package: amsbsy 1999/11/29 v1.2d
\pmbraise@=\dimen127
)
(/usr/local/texlive/2015/texmf-dist/tex/latex/amsmath/amsopn.sty
Package: amsopn 1999/12/14 v2.01 operator names
)
\inf@bad=\count93
LaTeX Info: Redefining \frac on input line 210.
\uproot@=\count94
\leftroot@=\count95
LaTeX Info: Redefining \overline on input line 306.
\classnum@=\count96
\DOTSCASE@=\count97
LaTeX Info: Redefining \ldots on input line 378.
LaTeX Info: Redefining \dots on input line 381.
LaTeX Info: Redefining \cdots on input line 466.
\Mathstrutbox@=\box29
\strutbox@=\box30
\big@size=\dimen128
LaTeX Font Info:    Redeclaring font encoding OML on input line 566.
LaTeX Font Info:    Redeclaring font encoding OMS on input line 567.
\macc@depth=\count98
\c@MaxMatrixCols=\count99
\dotsspace@=\muskip10
\c@parentequation=\count100
\dspbrk@lvl=\count101
\tag@help=\toks21
\row@=\count102
\column@=\count103
\maxfields@=\count104
\andhelp@=\toks22
\eqnshift@=\dimen129
\alignsep@=\dimen130
\tagshift@=\dimen131
\tagwidth@=\dimen132
\totwidth@=\dimen133
\lineht@=\dimen134
\@envbody=\toks23
\multlinegap=\skip50
\multlinetaggap=\skip51
\mathdisplay@stack=\toks24
LaTeX Info: Redefining \[ on input line 2665.
LaTeX Info: Redefining \] on input line 2666.
)
(/usr/local/texlive/2015/texmf-dist/tex/latex/amscls/amsthm.sty
Package: amsthm 2015/03/04 v2.20.2
\thm@style=\toks25
\thm@bodyfont=\toks26
\thm@headfont=\toks27
\thm@notefont=\toks28
\thm@headpunct=\toks29
\thm@preskip=\skip52
\thm@postskip=\skip53
\thm@headsep=\skip54
\dth@everypar=\toks30
)
(/usr/local/texlive/2015/texmf-dist/tex/latex/amsfonts/amsfonts.sty
Package: amsfonts 2013/01/14 v3.01 Basic AMSFonts support
\symAMSa=\mathgroup5
\symAMSb=\mathgroup6
LaTeX Font Info:    Overwriting math alphabet `\mathfrak' in version `bold'
(Font)                  U/euf/m/n --> U/euf/b/n on input line 106.
)
(/usr/local/texlive/2015/texmf-dist/tex/latex/algorithm2e/algorithm2e.sty
Invalid UTF-8 byte or sequence at line 164 replaced by U+FFFD.
Invalid UTF-8 byte or sequence at line 414 replaced by U+FFFD.
Package: algorithm2e 2013/01/06 v5.00 algorithms environments
\c@AlgoLine=\count105

(/usr/local/texlive/2015/texmf-dist/tex/latex/tools/xspace.sty
Package: xspace 2014/10/28 v1.13 Space after command names (DPC,MH)
)
(/usr/local/texlive/2015/texmf-dist/tex/latex/relsize/relsize.sty
Package: relsize 2013/03/29 ver 4.1
)
********************************************************
Package `algorithm2e' Release 5.0 -- january 06 2013 --
- algorithm2e-announce@lirmm.fr mailing list for announcement about releases
- algorithm2e-discussion@lirmm.fr mailing list for discussion about package
subscribe by emailing sympa@lirmm.fr with 'subscribe <list> <firstname name>'
- Author: Christophe Fiorio (cfiorio@um2.fr)
********************************************************
\skiptotal=\skip55
\skiplinenumber=\skip56
\skiprule=\skip57
\skiphlne=\skip58
\skiptext=\skip59
\skiplength=\skip60
\algomargin=\skip61
\skipalgocfslide=\skip62
\algowidth=\dimen135
\inoutsize=\dimen136
\inoutindent=\dimen137
\interspacetitleruled=\dimen138
\interspacealgoruled=\dimen139
\interspacetitleboxruled=\dimen140
\algocf@inoutbox=\box31
\algocf@inputbox=\box32
\AlCapSkip=\skip63
\AlCapHSkip=\skip64
\algoskipindent=\skip65
\algocf@nlbox=\box33
\algocf@hangingbox=\box34
\algocf@untilbox=\box35
\algocf@skipuntil=\skip66
\algocf@capbox=\box36
\algoheightruledefault=\skip67
\algoheightrule=\skip68
\algotitleheightruledefault=\skip69
\algotitleheightrule=\skip70
\c@algocfline=\count106
\c@algocfproc=\count107
\c@algocf=\count108
\algocf@algoframe=\box37
\algocf@algobox=\box38
) (/usr/local/texlive/2015/texmf-dist/tex/latex/cite/cite.sty
LaTeX Info: Redefining \cite on input line 302.
LaTeX Info: Redefining \nocite on input line 332.
Package: cite 2015/02/27  v 5.5
)
(/usr/local/texlive/2015/texmf-dist/tex/latex/caption/subcaption.sty
Package: subcaption 2013/02/03 v1.1-62 Sub-captions (AR)
\c@subfigure=\count109
\c@subtable=\count110
)
\c@definition=\count111

(./thesis.aux (./abstract.aux) (./chapter1.aux) (./chapter2.aux)
(./chapter3.aux) (./chapter4.aux) (./chapter5.aux))
\openout1 = `thesis.aux'.

LaTeX Font Info:    Checking defaults for OML/cmm/m/it on input line 33.
LaTeX Font Info:    ... okay on input line 33.
LaTeX Font Info:    Checking defaults for T1/cmr/m/n on input line 33.
LaTeX Font Info:    ... okay on input line 33.
LaTeX Font Info:    Checking defaults for OT1/cmr/m/n on input line 33.
LaTeX Font Info:    ... okay on input line 33.
LaTeX Font Info:    Checking defaults for OMS/cmsy/m/n on input line 33.
LaTeX Font Info:    ... okay on input line 33.
LaTeX Font Info:    Checking defaults for OMX/cmex/m/n on input line 33.
LaTeX Font Info:    ... okay on input line 33.
LaTeX Font Info:    Checking defaults for U/cmr/m/n on input line 33.
LaTeX Font Info:    ... okay on input line 33.
Package caption Info: Begin \AtBeginDocument code.
Package caption Info: float package is loaded.
Package caption Info: rotating package is loaded.
Package caption Info: End \AtBeginDocument code.
 [1

] [2

] (./thesis.toc
LaTeX Font Info:    Try loading font information for U+rsfs on input line 1.

(/usr/local/texlive/2015/texmf-dist/tex/latex/jknapltx/ursfs.fd
File: ursfs.fd 1998/03/24 rsfs font definition file (jk)
)
LaTeX Font Info:    Try loading font information for U+msa on input line 1.

(/usr/local/texlive/2015/texmf-dist/tex/latex/amsfonts/umsa.fd
File: umsa.fd 2013/01/14 v3.01 AMS symbols A
)
LaTeX Font Info:    Try loading font information for U+msb on input line 1.

(/usr/local/texlive/2015/texmf-dist/tex/latex/amsfonts/umsb.fd
File: umsb.fd 2013/01/14 v3.01 AMS symbols B
))
\tf@toc=\write3
\openout3 = `thesis.toc'.

 [3]
(./thesis.lot)
\tf@lot=\write4
\openout4 = `thesis.lot'.

 [4

]
\openout2 = `abstract.aux'.

 (./abstract.tex [5



])
\openout2 = `chapter1.aux'.

 (./chapter1.tex) [1




] [2]
\openout2 = `chapter2.aux'.


(./chapter2.tex [3



] [4]
File: figures/cvSobolPlot1.eps Graphic file (type eps)
 <figures/cvSobolPlot1.eps>
File: figures/cvSobolPlot2.eps Graphic file (type eps)
 <figures/cvSobolPlot2.eps>
Overfull \hbox (2.61108pt too wide) in paragraph at lines 71--78
 [][] [] 
 []

[5] [6] [7]
File: figures/cone.eps Graphic file (type eps)
 <figures/cone.eps>)

LaTeX Warning: `h' float specifier changed to `ht'.

[8] [9]
\openout2 = `chapter3.aux'.

 (./chapter3.tex [10



] [11]
Overfull \hbox (5.82964pt too wide) in paragraph at lines 99--99
[] 
 []

[12] [13]
Missing character: There is no é in font cmr12!
Missing character: There is no é in font cmr12!


LaTeX Warning: `h' float specifier changed to `ht'.

) [14] [15] [16]
\openout2 = `chapter4.aux'.

 (./chapter4.tex [17



]

LaTeX Warning: `h' float specifier changed to `ht'.


LaTeX Warning: `h' float specifier changed to `ht'.

[18] [19] [20] [21]
File: figures/cvEx1.eps Graphic file (type eps)
 <figures/cvEx1.eps>

LaTeX Warning: `h' float specifier changed to `ht'.

[22] [23] [24] [25]

LaTeX Warning: `h' float specifier changed to `ht'.

) [26] [27]
\openout2 = `chapter5.aux'.

 (./chapter5.tex [28



]) [29] (./thesis.bbl
Missing character: There is no ́ in font cmr12!
Missing character: There is no ́ in font cmr12!
) [30



] (./thesis.aux
(./abstract.aux) (./chapter1.aux) (./chapter2.aux) (./chapter3.aux)
(./chapter4.aux) (./chapter5.aux)) ) 
Here is how much of TeX's memory you used:
 4433 strings out of 493710
 63840 string characters out of 6145916
 165524 words of memory out of 5000000
 7666 multiletter control sequences out of 15000+600000
 15013 words of font info for 56 fonts, out of 8000000 for 9000
 1328 hyphenation exceptions out of 8191
 36i,21n,39p,352b,454s stack positions out of 5000i,500n,10000p,200000b,80000s

Output written on thesis.pdf (35 pages).
